SF:lib/data/repository/bluetooth_repository_impl.dart
DA:11,1
DA:13,1
DA:14,2
DA:16,1
DA:17,2
DA:19,1
DA:20,2
DA:22,1
DA:23,2
DA:25,1
DA:26,2
DA:28,1
DA:29,2
DA:31,1
DA:32,2
DA:34,1
DA:35,2
DA:37,1
DA:38,2
DA:40,1
DA:41,2
LF:21
LH:21
end_of_record
SF:lib/service/bluetooth/model/bluetooth_device_model.dart
DA:10,1
DA:18,0
DA:23,0
DA:24,0
DA:25,0
DA:27,0
DA:32,0
DA:39,0
DA:40,0
DA:41,0
DA:42,0
DA:43,0
DA:44,0
DA:48,1
DA:50,7
DA:52,1
DA:53,2
DA:55,1
DA:57,6
LF:19
LH:7
end_of_record
SF:lib/service/bluetooth/flutter_reactive_ble/bluethooth_reactive_ble_impl.dart
DA:17,0
DA:20,0
DA:23,0
DA:32,0
DA:37,0
DA:42,0
DA:43,0
DA:45,0
DA:48,0
DA:50,0
DA:51,0
DA:53,0
DA:54,0
DA:55,0
DA:56,0
DA:57,0
DA:58,0
DA:59,0
DA:62,0
DA:63,0
DA:64,0
DA:66,0
DA:69,0
DA:76,0
DA:81,0
DA:82,0
DA:84,0
DA:87,0
DA:89,0
DA:90,0
DA:94,0
DA:95,0
DA:97,0
DA:98,0
DA:99,0
DA:100,0
DA:104,0
DA:111,0
DA:113,0
DA:114,0
DA:115,0
DA:118,0
DA:120,0
DA:123,0
DA:125,0
DA:127,0
DA:129,0
DA:131,0
DA:136,0
DA:140,0
DA:141,0
DA:142,0
DA:143,0
DA:147,0
DA:150,0
DA:153,0
DA:155,0
DA:156,0
DA:157,0
DA:159,0
DA:160,0
LF:61
LH:0
end_of_record
