SF:lib/data/repository/bluetooth_repository_impl.dart
DA:11,1
DA:13,1
DA:14,2
DA:16,0
DA:17,0
DA:19,0
DA:20,0
DA:22,1
DA:23,2
DA:25,0
DA:26,0
DA:28,0
DA:29,0
DA:31,1
DA:32,2
DA:34,1
DA:35,2
DA:37,0
DA:38,0
DA:40,1
DA:41,2
DA:43,0
DA:45,0
LF:23
LH:11
end_of_record
SF:lib/service/bluetooth/model/bluetooth_device_model.dart
DA:10,2
DA:18,0
DA:23,0
DA:24,0
DA:25,0
DA:27,0
DA:32,0
DA:39,0
DA:40,0
DA:41,0
DA:42,0
DA:43,0
DA:44,0
DA:48,0
DA:50,0
DA:52,1
DA:53,2
DA:55,1
DA:57,6
LF:19
LH:5
end_of_record
SF:lib/service/bluetooth/flutter_reactive_ble/bluethooth_reactive_ble_impl.dart
DA:17,0
DA:20,1
DA:23,1
DA:32,0
DA:37,0
DA:42,1
DA:43,5
DA:45,1
DA:48,1
DA:50,2
DA:51,1
DA:53,2
DA:54,1
DA:55,1
DA:56,3
DA:57,4
DA:58,1
DA:59,1
DA:62,5
DA:63,1
DA:64,0
DA:66,1
DA:69,3
DA:76,0
DA:81,1
DA:82,2
DA:84,1
DA:87,2
DA:89,3
DA:90,1
DA:94,2
DA:95,4
DA:97,2
DA:98,0
DA:99,0
DA:100,0
DA:104,3
DA:111,1
DA:113,3
DA:114,2
DA:115,2
DA:118,1
DA:120,6
DA:123,1
DA:125,1
DA:127,1
DA:129,1
DA:131,0
DA:136,0
DA:140,0
DA:141,0
DA:142,0
DA:143,0
DA:147,0
DA:150,0
DA:153,1
DA:155,2
DA:156,3
DA:157,1
DA:159,2
DA:160,2
LF:61
LH:45
end_of_record
SF:lib/data/photo_remote_data_source.dart
DA:11,0
DA:13,0
DA:15,0
DA:17,0
DA:23,0
DA:24,0
DA:26,0
LF:7
LH:0
end_of_record
SF:lib/data/repository/photo_repository_impl.dart
DA:8,0
DA:10,0
DA:12,0
LF:3
LH:0
end_of_record
SF:lib/models/photo_model.dart
DA:8,1
DA:16,1
DA:17,1
DA:18,1
DA:19,1
DA:20,1
DA:21,1
DA:22,1
LF:8
LH:8
end_of_record
SF:lib/presentation/screen/photos/provider/photo_provider.dart
DA:15,1
DA:17,2
DA:19,2
DA:21,2
DA:23,1
DA:24,2
DA:26,1
DA:28,1
DA:29,2
DA:30,1
DA:32,1
DA:35,2
DA:36,3
DA:37,1
DA:40,1
DA:41,1
DA:43,2
DA:44,2
DA:48,2
DA:51,1
DA:52,1
LF:21
LH:21
end_of_record
SF:lib/core/network/app_client.dart
DA:6,0
DA:7,0
DA:9,0
DA:12,0
DA:14,0
DA:17,0
LF:6
LH:0
end_of_record
